p/_99.jpg 1 0 0 1280 1265
p/_97.jpg 1 0 0 89 120
p/_98.jpg 1 0 0 170 160
p/_96.jpg 1 0 0 116 99
p/_95.jpg 1 0 0 372 390
p/_94.jpg 1 0 0 409 393
p/_91.jpg 1 0 0 321 252
p/_92.jpg 1 0 0 247 196
p/_93.jpg 1 0 0 266 216
p/_9.jpg 1 0 0 121 128
p/_90.jpg 1 0 0 314 241
p/_89.jpg 1 0 0 285 238
p/_88.jpg 1 0 0 111 118
p/_86.jpg 1 0 0 273 232
p/_87.jpg 1 0 0 1238 1280
p/_85.jpg 1 0 0 364 317
p/_84.jpg 1 0 0 319 300
p/_81.jpg 1 0 0 180 156
p/_82.jpg 1 0 0 195 147
p/_83.jpg 1 0 0 284 300
p/_8.jpg 1 0 0 120 114
p/_80.jpg 1 0 0 246 258
p/_78.jpg 1 0 0 93 97
p/_79.jpg 1 0 0 88 88
p/_76.jpg 1 0 0 277 236
p/_77.jpg 1 0 0 101 98
p/_75.jpg 1 0 0 464 465
p/_73.jpg 1 0 0 114 105
p/_74.jpg 1 0 0 115 80
p/_724.jpg 1 0 0 119 122
p/_725.jpg 1 0 0 185 183
p/_722.jpg 1 0 0 104 93
p/_723.jpg 1 0 0 111 124
p/_720.jpg 1 0 0 77 54
p/_721.jpg 1 0 0 87 75
p/_719.jpg 1 0 0 92 90
p/_72.jpg 1 0 0 134 112
p/_717.jpg 1 0 0 106 105
p/_718.jpg 1 0 0 108 83
p/_716.jpg 1 0 0 117 104
p/_714.jpg 1 0 0 139 138
p/_715.jpg 1 0 0 298 278
p/_712.jpg 1 0 0 83 74
p/_713.jpg 1 0 0 83 73
p/_710.jpg 1 0 0 77 64
p/_711.jpg 1 0 0 71 68
p/_709.jpg 1 0 0 77 70
p/_71.jpg 1 0 0 80 88
p/_707.jpg 1 0 0 115 91
p/_708.jpg 1 0 0 157 157
p/_705.jpg 1 0 0 1179 1169
p/_706.jpg 1 0 0 115 82
p/_703.jpg 1 0 0 84 77
p/_704.jpg 1 0 0 180 167
p/_702.jpg 1 0 0 132 132
p/_700.jpg 1 0 0 120 86
p/_701.jpg 1 0 0 105 92
p/_7.jpg 1 0 0 116 65
p/_70.jpg 1 0 0 90 91
p/_698.jpg 1 0 0 352 300
p/_699.jpg 1 0 0 300 337
p/_696.jpg 1 0 0 417 300
p/_697.jpg 1 0 0 420 300
p/_695.jpg 1 0 0 450 300
p/_693.jpg 1 0 0 112 125
p/_694.jpg 1 0 0 126 121
p/_691.jpg 1 0 0 258 147
p/_692.jpg 1 0 0 362 300
p/_69.jpg 1 0 0 72 76
p/_690.jpg 1 0 0 73 71
p/_688.jpg 1 0 0 269 232
p/_689.jpg 1 0 0 153 153
p/_686.jpg 1 0 0 380 300
p/_687.jpg 1 0 0 347 300
p/_684.jpg 1 0 0 114 114
p/_685.jpg 1 0 0 364 300
p/_682.jpg 1 0 0 443 443
p/_683.jpg 1 0 0 113 113
p/_680.jpg 1 0 0 400 300
p/_681.jpg 1 0 0 220 208
p/_679.jpg 1 0 0 298 346
p/_68.jpg 1 0 0 79 75
p/_677.jpg 1 0 0 381 300
p/_678.jpg 1 0 0 240 134
p/_676.jpg 1 0 0 355 300
p/_674.jpg 1 0 0 308 300
p/_675.jpg 1 0 0 309 300
p/_673.jpg 1 0 0 322 300
p/_672.jpg 1 0 0 300 311
p/_67.jpg 1 0 0 100 59
p/_670.jpg 1 0 0 300 302
p/_671.jpg 1 0 0 300 301
p/_668.jpg 1 0 0 345 300
p/_669.jpg 1 0 0 344 300
p/_666.jpg 1 0 0 346 300
p/_667.jpg 1 0 0 108 97
p/_665.jpg 1 0 0 300 307
p/_663.jpg 1 0 0 312 300
p/_664.jpg 1 0 0 300 321
p/_661.jpg 1 0 0 365 300
p/_662.jpg 1 0 0 445 300
p/_66.jpg 1 0 0 88 58
p/_660.jpg 1 0 0 317 300
p/_658.jpg 1 0 0 300 336
p/_659.jpg 1 0 0 342 300
p/_656.jpg 1 0 0 111 103
p/_657.jpg 1 0 0 341 300
p/_654.jpg 1 0 0 390 300
p/_655.jpg 1 0 0 395 300
p/_653.jpg 1 0 0 358 300
p/_651.jpg 1 0 0 300 313
p/_652.jpg 1 0 0 309 300
p/_65.jpg 1 0 0 629 317
p/_650.jpg 1 0 0 300 310
p/_648.jpg 1 0 0 376 300
p/_649.jpg 1 0 0 281 278
p/_647.jpg 1 0 0 387 300
p/_645.jpg 1 0 0 149 100
p/_646.jpg 1 0 0 370 300
p/_642.jpg 1 0 0 306 300
p/_643.jpg 1 0 0 370 300
p/_644.jpg 1 0 0 326 300
p/_640.jpg 1 0 0 331 300
p/_641.jpg 1 0 0 300 315
p/_639.jpg 1 0 0 300 306
p/_64.jpg 1 0 0 184 163
p/_637.jpg 1 0 0 315 300
p/_638.jpg 1 0 0 300 314
p/_636.jpg 1 0 0 481 300
p/_634.jpg 1 0 0 157 98
p/_635.jpg 1 0 0 419 300
p/_632.jpg 1 0 0 319 300
p/_633.jpg 1 0 0 363 300
p/_630.jpg 1 0 0 438 300
p/_631.jpg 1 0 0 409 300
p/_629.jpg 1 0 0 372 300
p/_63.jpg 1 0 0 456 456
p/_627.jpg 1 0 0 300 272
p/_628.jpg 1 0 0 308 300
p/_626.jpg 1 0 0 283 290
p/_624.jpg 1 0 0 338 300
p/_625.jpg 1 0 0 299 256
p/_623.jpg 1 0 0 108 108
p/_621.jpg 1 0 0 300 300
p/_622.jpg 1 0 0 351 300
p/_62.jpg 1 0 0 329 300
p/_620.jpg 1 0 0 329 300
p/_618.jpg 1 0 0 300 304
p/_619.jpg 1 0 0 323 300
p/_615.jpg 1 0 0 300 285
p/_616.jpg 1 0 0 351 300
p/_617.jpg 1 0 0 300 303
p/_613.jpg 1 0 0 314 300
p/_614.jpg 1 0 0 300 310
p/_611.jpg 1 0 0 300 300
p/_612.jpg 1 0 0 189 188
p/_61.jpg 1 0 0 266 308
p/_610.jpg 1 0 0 343 300
p/_608.jpg 1 0 0 300 306
p/_609.jpg 1 0 0 310 300
p/_607.jpg 1 0 0 412 300
p/_605.jpg 1 0 0 305 300
p/_606.jpg 1 0 0 300 323
p/_604.jpg 1 0 0 386 300
p/_603.jpg 1 0 0 300 309
p/_601.jpg 1 0 0 162 161
p/_602.jpg 1 0 0 340 300
p/_60.jpg 1 0 0 352 281
p/_600.jpg 1 0 0 626 626
p/_6.jpg 1 0 0 114 102
p/_599.jpg 1 0 0 564 564
p/_598.jpg 1 0 0 589 589
p/_596.jpg 1 0 0 267 180
p/_597.jpg 1 0 0 254 181
p/_595.jpg 1 0 0 659 658
p/_594.jpg 1 0 0 252 263
p/_592.jpg 1 0 0 652 652
p/_593.jpg 1 0 0 241 259
p/_591.jpg 1 0 0 517 437
p/_590.jpg 1 0 0 101 90
p/_589.jpg 1 0 0 472 407
p/_59.jpg 1 0 0 334 256
p/_586.jpg 1 0 0 790 789
p/_587.jpg 1 0 0 471 548
p/_588.jpg 1 0 0 493 541
p/_584.jpg 1 0 0 148 137
p/_585.jpg 1 0 0 526 526
p/_583.jpg 1 0 0 165 151
p/_581.jpg 1 0 0 466 465
p/_582.jpg 1 0 0 472 472
p/_58.jpg 1 0 0 348 251
p/_580.jpg 1 0 0 391 391
p/_578.jpg 1 0 0 133 112
p/_579.jpg 1 0 0 139 104
p/_577.jpg 1 0 0 133 133
p/_575.jpg 1 0 0 544 544
p/_576.jpg 1 0 0 544 544
p/_573.jpg 1 0 0 440 441
p/_574.jpg 1 0 0 544 544
p/_571.jpg 1 0 0 568 568
p/_572.jpg 1 0 0 589 589
p/_57.jpg 1 0 0 357 263
p/_570.jpg 1 0 0 457 457
p/_568.jpg 1 0 0 553 553
p/_569.jpg 1 0 0 573 573
p/_567.jpg 1 0 0 302 300
p/_565.jpg 1 0 0 335 300
p/_566.jpg 1 0 0 126 94
p/_563.jpg 1 0 0 336 300
p/_564.jpg 1 0 0 314 300
p/_561.jpg 1 0 0 300 318
p/_562.jpg 1 0 0 720 720
p/_56.jpg 1 0 0 282 237
p/_560.jpg 1 0 0 303 300
p/_558.jpg 1 0 0 568 568
p/_559.jpg 1 0 0 311 300
p/_557.jpg 1 0 0 307 300
p/_555.jpg 1 0 0 161 142
p/_556.jpg 1 0 0 303 300
p/_554.jpg 1 0 0 720 720
p/_552.jpg 1 0 0 323 300
p/_553.jpg 1 0 0 328 300
p/_551.jpg 1 0 0 305 300
p/_550.jpg 1 0 0 326 300
p/_549.jpg 1 0 0 300 322
p/_55.jpg 1 0 0 278 225
p/_547.jpg 1 0 0 300 315
p/_548.jpg 1 0 0 300 305
p/_546.jpg 1 0 0 304 300
p/_544.jpg 1 0 0 300 300
p/_545.jpg 1 0 0 300 307
p/_542.jpg 1 0 0 359 300
p/_543.jpg 1 0 0 362 300
p/_541.jpg 1 0 0 300 335
p/_54.jpg 1 0 0 294 310
p/_540.jpg 1 0 0 311 300
p/_538.jpg 1 0 0 253 253
p/_539.jpg 1 0 0 362 300
p/_536.jpg 1 0 0 300 311
p/_537.jpg 1 0 0 300 354
p/_535.jpg 1 0 0 300 314
p/_533.jpg 1 0 0 164 145
p/_534.jpg 1 0 0 331 300
p/_532.jpg 1 0 0 300 349
p/_530.jpg 1 0 0 300 303
p/_531.jpg 1 0 0 300 314
p/_53.jpg 1 0 0 385 373
p/_529.jpg 1 0 0 323 300
p/_527.jpg 1 0 0 122 122
p/_528.jpg 1 0 0 273 303
p/_524.jpg 1 0 0 300 359
p/_525.jpg 1 0 0 300 309
p/_526.jpg 1 0 0 137 137
p/_522.jpg 1 0 0 316 370
p/_523.jpg 1 0 0 358 300
p/_520.jpg 1 0 0 300 335
p/_521.jpg 1 0 0 300 344
p/_52.jpg 1 0 0 67 68
p/_518.jpg 1 0 0 323 300
p/_519.jpg 1 0 0 300 310
p/_516.jpg 1 0 0 310 300
p/_517.jpg 1 0 0 329 300
p/_514.jpg 1 0 0 300 335
p/_515.jpg 1 0 0 320 300
p/_512.jpg 1 0 0 300 302
p/_513.jpg 1 0 0 308 300
p/_510.jpg 1 0 0 300 319
p/_511.jpg 1 0 0 128 128
p/_509.jpg 1 0 0 300 303
p/_51.jpg 1 0 0 358 360
p/_507.jpg 1 0 0 300 322
p/_508.jpg 1 0 0 300 306
p/_505.jpg 1 0 0 408 300
p/_506.jpg 1 0 0 300 307
p/_501.jpg 1 0 0 421 300
p/_502.jpg 1 0 0 323 300
p/_503.jpg 1 0 0 381 300
p/_504.jpg 1 0 0 327 300
p/_477.jpg 1 0 0 940 714
p/_478.jpg 1 0 0 275 183
p/_479.jpg 1 0 0 357 357
p/_48.jpg 1 0 0 304 300
p/_480.jpg 1 0 0 443 444
p/_481.jpg 1 0 0 360 361
p/_482.jpg 1 0 0 417 416
p/_483.jpg 1 0 0 337 337
p/_484.jpg 1 0 0 662 664
p/_485.jpg 1 0 0 763 762
p/_486.jpg 1 0 0 741 741
p/_487.jpg 1 0 0 710 639
p/_488.jpg 1 0 0 216 216
p/_489.jpg 1 0 0 462 433
p/_49.jpg 1 0 0 342 300
p/_490.jpg 1 0 0 219 218
p/_491.jpg 1 0 0 170 170
p/_492.jpg 1 0 0 180 179
p/_493.jpg 1 0 0 155 155
p/_494.jpg 1 0 0 156 156
p/_495.jpg 1 0 0 144 144
p/_496.jpg 1 0 0 155 155
p/_497.jpg 1 0 0 128 128
p/_498.jpg 1 0 0 143 143
p/_499.jpg 1 0 0 337 300
p/_5.jpg 1 0 0 124 102
p/_50.jpg 1 0 0 351 300
p/_500.jpg 1 0 0 136 135
p/_450.jpg 1 0 0 813 813
p/_451.jpg 1 0 0 749 749
p/_452.jpg 1 0 0 159 158
p/_453.jpg 1 0 0 175 175
p/_454.jpg 1 0 0 266 233
p/_455.jpg 1 0 0 657 658
p/_456.jpg 1 0 0 685 686
p/_457.jpg 1 0 0 326 326
p/_458.jpg 1 0 0 383 383
p/_459.jpg 1 0 0 208 207
p/_46.jpg 1 0 0 166 127
p/_460.jpg 1 0 0 202 202
p/_461.jpg 1 0 0 297 297
p/_462.jpg 1 0 0 239 239
p/_463.jpg 1 0 0 280 280
p/_464.jpg 1 0 0 308 308
p/_465.jpg 1 0 0 127 127
p/_466.jpg 1 0 0 145 128
p/_467.jpg 1 0 0 186 183
p/_468.jpg 1 0 0 242 242
p/_469.jpg 1 0 0 230 230
p/_47.jpg 1 0 0 154 105
p/_470.jpg 1 0 0 676 555
p/_471.jpg 1 0 0 237 237
p/_472.jpg 1 0 0 233 234
p/_473.jpg 1 0 0 214 213
p/_474.jpg 1 0 0 227 227
p/_475.jpg 1 0 0 279 278
p/_476.jpg 1 0 0 295 295
p/_429.jpg 1 0 0 695 694
p/_43.jpg 1 0 0 107 90
p/_430.jpg 1 0 0 745 745
p/_431.jpg 1 0 0 788 788
p/_432.jpg 1 0 0 108 102
p/_433.jpg 1 0 0 762 761
p/_434.jpg 1 0 0 799 799
p/_435.jpg 1 0 0 861 861
p/_436.jpg 1 0 0 873 872
p/_437.jpg 1 0 0 886 886
p/_438.jpg 1 0 0 638 638
p/_439.jpg 1 0 0 580 580
p/_44.jpg 1 0 0 99 101
p/_440.jpg 1 0 0 1126 1126
p/_441.jpg 1 0 0 1280 1280
p/_442.jpg 1 0 0 994 994
p/_443.jpg 1 0 0 299 244
p/_444.jpg 1 0 0 963 962
p/_445.jpg 1 0 0 1280 1280
p/_446.jpg 1 0 0 1280 1280
p/_447.jpg 1 0 0 924 923
p/_448.jpg 1 0 0 889 889
p/_449.jpg 1 0 0 811 811
p/_45.jpg 1 0 0 234 121
p/_403.jpg 1 0 0 726 726
p/_404.jpg 1 0 0 118 118
p/_405.jpg 1 0 0 109 109
p/_406.jpg 1 0 0 129 129
p/_407.jpg 1 0 0 117 117
p/_408.jpg 1 0 0 98 98
p/_409.jpg 1 0 0 114 113
p/_41.jpg 1 0 0 78 68
p/_410.jpg 1 0 0 225 224
p/_411.jpg 1 0 0 895 895
p/_412.jpg 1 0 0 956 956
p/_413.jpg 1 0 0 831 830
p/_414.jpg 1 0 0 783 783
p/_415.jpg 1 0 0 107 107
p/_416.jpg 1 0 0 107 107
p/_417.jpg 1 0 0 100 100
p/_418.jpg 1 0 0 102 102
p/_419.jpg 1 0 0 110 109
p/_42.jpg 1 0 0 202 150
p/_420.jpg 1 0 0 109 109
p/_421.jpg 1 0 0 85 96
p/_422.jpg 1 0 0 153 153
p/_423.jpg 1 0 0 126 127
p/_424.jpg 1 0 0 137 137
p/_425.jpg 1 0 0 136 136
p/_426.jpg 1 0 0 134 134
p/_427.jpg 1 0 0 1280 1280
p/_428.jpg 1 0 0 1280 1280
p/_401.jpg 1 0 0 189 189
p/_402.jpg 1 0 0 841 841
p/_40.jpg 1 0 0 77 77
p/_400.jpg 1 0 0 181 181
p/_4.jpg 1 0 0 249 232
p/_398.jpg 1 0 0 169 169
p/_399.jpg 1 0 0 160 156
p/_396.jpg 1 0 0 186 185
p/_397.jpg 1 0 0 166 167
p/_394.jpg 1 0 0 177 176
p/_395.jpg 1 0 0 160 159
p/_392.jpg 1 0 0 185 163
p/_393.jpg 1 0 0 144 144
p/_391.jpg 1 0 0 487 487
p/_39.jpg 1 0 0 356 356
p/_390.jpg 1 0 0 644 644
p/_388.jpg 1 0 0 130 117
p/_389.jpg 1 0 0 706 706
p/_386.jpg 1 0 0 766 766
p/_387.jpg 1 0 0 693 693
p/_385.jpg 1 0 0 512 512
p/_383.jpg 1 0 0 441 441
p/_384.jpg 1 0 0 644 644
p/_381.jpg 1 0 0 279 264
p/_382.jpg 1 0 0 455 447
p/_380.jpg 1 0 0 362 310
p/_379.jpg 1 0 0 234 234
p/_38.jpg 1 0 0 92 86
p/_377.jpg 1 0 0 134 120
p/_378.jpg 1 0 0 247 247
p/_375.jpg 1 0 0 858 845
p/_376.jpg 1 0 0 703 702
p/_374.jpg 1 0 0 550 513
p/_373.jpg 1 0 0 532 542
p/_371.jpg 1 0 0 461 461
p/_372.jpg 1 0 0 558 558
p/_369.jpg 1 0 0 342 300
p/_37.jpg 1 0 0 125 127
p/_370.jpg 1 0 0 300 326
p/_367.jpg 1 0 0 343 300
p/_368.jpg 1 0 0 384 300
p/_366.jpg 1 0 0 102 99
p/_364.jpg 1 0 0 105 105
p/_365.jpg 1 0 0 99 99
p/_362.jpg 1 0 0 433 300
p/_363.jpg 1 0 0 410 300
p/_360.jpg 1 0 0 117 117
p/_361.jpg 1 0 0 103 103
p/_359.jpg 1 0 0 409 300
p/_36.jpg 1 0 0 87 83
p/_358.jpg 1 0 0 129 130
p/_348.jpg 1 0 0 114 114
p/_349.jpg 1 0 0 345 300
p/_35.jpg 1 0 0 86 88
p/_350.jpg 1 0 0 392 300
p/_351.jpg 1 0 0 128 128
p/_352.jpg 1 0 0 113 113
p/_353.jpg 1 0 0 144 136
p/_354.jpg 1 0 0 110 98
p/_355.jpg 1 0 0 208 161
p/_356.jpg 1 0 0 120 121
p/_357.jpg 1 0 0 137 137
p/_320.jpg 1 0 0 315 300
p/_321.jpg 1 0 0 300 301
p/_322.jpg 1 0 0 310 300
p/_323.jpg 1 0 0 317 300
p/_324.jpg 1 0 0 84 84
p/_325.jpg 1 0 0 75 75
p/_326.jpg 1 0 0 312 300
p/_327.jpg 1 0 0 568 587
p/_328.jpg 1 0 0 461 364
p/_329.jpg 1 0 0 125 125
p/_33.jpg 1 0 0 117 110
p/_330.jpg 1 0 0 263 274
p/_331.jpg 1 0 0 111 111
p/_332.jpg 1 0 0 337 243
p/_333.jpg 1 0 0 314 258
p/_334.jpg 1 0 0 97 91
p/_335.jpg 1 0 0 84 94
p/_336.jpg 1 0 0 349 300
p/_337.jpg 1 0 0 390 300
p/_338.jpg 1 0 0 428 471
p/_339.jpg 1 0 0 449 542
p/_34.jpg 1 0 0 133 93
p/_340.jpg 1 0 0 391 300
p/_341.jpg 1 0 0 209 171
p/_342.jpg 1 0 0 345 300
p/_343.jpg 1 0 0 360 300
p/_344.jpg 1 0 0 135 135
p/_345.jpg 1 0 0 116 116
p/_346.jpg 1 0 0 435 300
p/_347.jpg 1 0 0 112 112
p/_319.jpg 1 0 0 70 70
p/_32.jpg 1 0 0 120 114
p/_317.jpg 1 0 0 91 91
p/_318.jpg 1 0 0 97 97
p/_315.jpg 1 0 0 300 300
p/_316.jpg 1 0 0 96 96
p/_312.jpg 1 0 0 88 88
p/_313.jpg 1 0 0 572 499
p/_314.jpg 1 0 0 563 499
p/_310.jpg 1 0 0 411 354
p/_311.jpg 1 0 0 86 86
p/_309.jpg 1 0 0 432 320
p/_31.jpg 1 0 0 105 107
p/_307.jpg 1 0 0 104 104
p/_308.jpg 1 0 0 210 188
p/_305.jpg 1 0 0 91 91
p/_306.jpg 1 0 0 122 121
p/_303.jpg 1 0 0 170 182
p/_304.jpg 1 0 0 89 89
p/_302.jpg 1 0 0 231 203
p/_300.jpg 1 0 0 581 381
p/_301.jpg 1 0 0 357 379
p/_3.jpg 1 0 0 145 145
p/_30.jpg 1 0 0 139 104
p/_298.jpg 1 0 0 111 111
p/_299.jpg 1 0 0 105 105
p/_296.jpg 1 0 0 366 298
p/_297.jpg 1 0 0 218 202
p/_295.jpg 1 0 0 331 300
p/_293.jpg 1 0 0 132 132
p/_294.jpg 1 0 0 126 126
p/_291.jpg 1 0 0 548 415
p/_292.jpg 1 0 0 573 413
p/_29.jpg 1 0 0 119 104
p/_290.jpg 1 0 0 312 300
p/_288.jpg 1 0 0 342 300
p/_289.jpg 1 0 0 322 300
p/_286.jpg 1 0 0 118 128
p/_287.jpg 1 0 0 390 300
p/_284.jpg 1 0 0 456 300
p/_285.jpg 1 0 0 300 367
p/_282.jpg 1 0 0 300 322
p/_283.jpg 1 0 0 397 300
p/_28.jpg 1 0 0 299 272
p/_280.jpg 1 0 0 304 300
p/_281.jpg 1 0 0 344 300
p/_278.jpg 1 0 0 330 300
p/_279.jpg 1 0 0 340 300
p/_276.jpg 1 0 0 300 326
p/_277.jpg 1 0 0 303 300
p/_275.jpg 1 0 0 146 161
p/_272.jpg 1 0 0 307 300
p/_273.jpg 1 0 0 365 300
p/_274.jpg 1 0 0 251 221
p/_271.jpg 1 0 0 304 300
p/_27.jpg 1 0 0 559 559
p/_270.jpg 1 0 0 300 315
p/_269.jpg 1 0 0 266 300
p/_25.jpg 1 0 0 119 103
p/_250.jpg 1 0 0 342 300
p/_251.jpg 1 0 0 381 300
p/_252.jpg 1 0 0 371 300
p/_253.jpg 1 0 0 128 122
p/_254.jpg 1 0 0 396 300
p/_255.jpg 1 0 0 323 300
p/_256.jpg 1 0 0 369 300
p/_257.jpg 1 0 0 322 300
p/_258.jpg 1 0 0 385 300
p/_259.jpg 1 0 0 354 300
p/_26.jpg 1 0 0 131 104
p/_260.jpg 1 0 0 430 300
p/_261.jpg 1 0 0 404 300
p/_262.jpg 1 0 0 426 300
p/_263.jpg 1 0 0 350 300
p/_264.jpg 1 0 0 125 142
p/_265.jpg 1 0 0 336 300
p/_266.jpg 1 0 0 301 300
p/_267.jpg 1 0 0 300 318
p/_268.jpg 1 0 0 300 306
p/_248.jpg 1 0 0 353 300
p/_249.jpg 1 0 0 399 313
p/_247.jpg 1 0 0 557 557
p/_246.jpg 1 0 0 491 491
p/_24.jpg 1 0 0 93 97
p/_240.jpg 1 0 0 93 85
p/_241.jpg 1 0 0 113 90
p/_242.jpg 1 0 0 141 130
p/_243.jpg 1 0 0 560 561
p/_244.jpg 1 0 0 454 454
p/_245.jpg 1 0 0 475 475
p/_221.jpg 1 0 0 230 192
p/_222.jpg 1 0 0 243 228
p/_223.jpg 1 0 0 405 300
p/_224.jpg 1 0 0 225 225
p/_225.jpg 1 0 0 223 223
p/_226.jpg 1 0 0 262 262
p/_227.jpg 1 0 0 270 270
p/_228.jpg 1 0 0 533 300
p/_229.jpg 1 0 0 332 300
p/_23.jpg 1 0 0 134 106
p/_230.jpg 1 0 0 1625 1625
p/_231.jpg 1 0 0 955 955
p/_232.jpg 1 0 0 881 881
p/_233.jpg 1 0 0 759 759
p/_234.jpg 1 0 0 632 633
p/_235.jpg 1 0 0 817 818
p/_236.jpg 1 0 0 630 630
p/_237.jpg 1 0 0 591 591
p/_238.jpg 1 0 0 625 625
p/_239.jpg 1 0 0 123 123
p/_2.jpg 1 0 0 132 131
p/_20.jpg 1 0 0 102 97
p/_200.jpg 1 0 0 344 300
p/_201.jpg 1 0 0 300 300
p/_202.jpg 1 0 0 381 300
p/_203.jpg 1 0 0 361 300
p/_204.jpg 1 0 0 302 228
p/_205.jpg 1 0 0 473 300
p/_206.jpg 1 0 0 193 196
p/_207.jpg 1 0 0 262 125
p/_208.jpg 1 0 0 342 300
p/_209.jpg 1 0 0 112 98
p/_21.jpg 1 0 0 83 85
p/_210.jpg 1 0 0 112 96
p/_211.jpg 1 0 0 105 105
p/_212.jpg 1 0 0 457 300
p/_213.jpg 1 0 0 381 300
p/_214.jpg 1 0 0 322 300
p/_215.jpg 1 0 0 400 300
p/_216.jpg 1 0 0 320 300
p/_217.jpg 1 0 0 275 183
p/_218.jpg 1 0 0 270 351
p/_219.jpg 1 0 0 533 300
p/_22.jpg 1 0 0 101 94
p/_220.jpg 1 0 0 348 300
p/_188.jpg 1 0 0 1384 1385
p/_189.jpg 1 0 0 1504 1505
p/_19.jpg 1 0 0 111 103
p/_190.jpg 1 0 0 1148 1149
p/_191.jpg 1 0 0 1132 1131
p/_192.jpg 1 0 0 1132 1130
p/_193.jpg 1 0 0 1269 1166
p/_194.jpg 1 0 0 1261 1260
p/_195.jpg 1 0 0 168 169
p/_196.jpg 1 0 0 393 393
p/_197.jpg 1 0 0 401 411
p/_198.jpg 1 0 0 388 444
p/_199.jpg 1 0 0 439 246
p/_174.jpg 1 0 0 641 569
p/_175.jpg 1 0 0 936 937
p/_176.jpg 1 0 0 1365 1365
p/_177.jpg 1 0 0 375 375
p/_178.jpg 1 0 0 374 374
p/_179.jpg 1 0 0 713 574
p/_18.jpg 1 0 0 124 105
p/_180.jpg 1 0 0 593 593
p/_181.jpg 1 0 0 685 582
p/_182.jpg 1 0 0 382 352
p/_183.jpg 1 0 0 1044 857
p/_184.jpg 1 0 0 101 90
p/_185.jpg 1 0 0 852 774
p/_186.jpg 1 0 0 1038 1039
p/_187.jpg 1 0 0 934 796
p/_173.jpg 1 0 0 120 146
p/_171.jpg 1 0 0 943 823
p/_172.jpg 1 0 0 742 634
p/_170.jpg 1 0 0 1048 861
p/_17.jpg 1 0 0 96 92
p/_169.jpg 1 0 0 1182 1182
p/_168.jpg 1 0 0 1065 860
p/_166.jpg 1 0 0 298 329
p/_167.jpg 1 0 0 302 274
p/_165.jpg 1 0 0 299 321
p/_163.jpg 1 0 0 364 300
p/_164.jpg 1 0 0 300 317
p/_162.jpg 1 0 0 515 494
p/_161.jpg 1 0 0 320 300
p/_16.jpg 1 0 0 114 102
p/_160.jpg 1 0 0 300 308
p/_158.jpg 1 0 0 314 300
p/_159.jpg 1 0 0 316 300
p/_157.jpg 1 0 0 300 322
p/_156.jpg 1 0 0 329 300
p/_154.jpg 1 0 0 299 293
p/_155.jpg 1 0 0 220 238
p/_153.jpg 1 0 0 524 446
p/_152.jpg 1 0 0 383 376
p/_151.jpg 1 0 0 133 112
p/_150.jpg 1 0 0 198 186
p/_15.jpg 1 0 0 563 563
p/_149.jpg 1 0 0 308 282
p/_147.jpg 1 0 0 390 300
p/_148.jpg 1 0 0 402 300
p/_145.jpg 1 0 0 337 300
p/_146.jpg 1 0 0 355 300
p/_143.jpg 1 0 0 292 300
p/_144.jpg 1 0 0 217 231
p/_142.jpg 1 0 0 499 425
p/_140.jpg 1 0 0 276 232
p/_141.jpg 1 0 0 321 244
p/_139.jpg 1 0 0 162 145
p/_14.jpg 1 0 0 106 97
p/_138.jpg 1 0 0 196 196
p/_136.jpg 1 0 0 452 300
p/_137.jpg 1 0 0 439 300
p/_134.jpg 1 0 0 292 278
p/_135.jpg 1 0 0 493 300
p/_133.jpg 1 0 0 318 300
p/_132.jpg 1 0 0 376 300
p/_130.jpg 1 0 0 217 226
p/_131.jpg 1 0 0 334 300
p/_129.jpg 1 0 0 228 246
p/_13.jpg 1 0 0 87 84
p/_128.jpg 1 0 0 332 293
p/_126.jpg 1 0 0 301 301
p/_127.jpg 1 0 0 159 149
p/_125.jpg 1 0 0 139 138
p/_124.jpg 1 0 0 96 97
p/_123.jpg 1 0 0 169 169
p/_122.jpg 1 0 0 331 302
p/_121.jpg 1 0 0 238 213
p/_120.jpg 1 0 0 242 222
p/_12.jpg 1 0 0 83 77
p/_119.jpg 1 0 0 219 218
p/_118.jpg 1 0 0 221 195
p/_117.jpg 1 0 0 253 229
p/_116.jpg 1 0 0 202 196
p/_115.jpg 1 0 0 203 175
p/_113.jpg 1 0 0 348 354
p/_114.jpg 1 0 0 194 200
p/_112.jpg 1 0 0 500 500
p/_111.jpg 1 0 0 250 251
p/_110.jpg 1 0 0 400 387
p/_11.jpg 1 0 0 111 115
p/_109.jpg 1 0 0 261 334
p/_108.jpg 1 0 0 230 254
p/_107.jpg 1 0 0 173 166
p/_105.jpg 1 0 0 154 139
p/_106.jpg 1 0 0 200 150
p/_104.jpg 1 0 0 138 139
p/_103.jpg 1 0 0 142 166
p/_102.jpg 1 0 0 179 164
p/_101.jpg 1 0 0 141 123
p/_100.jpg 1 0 0 288 287
p/_10.jpg 1 0 0 131 127
p/_1.jpg 1 0 0 142 135
p/_0.jpg 1 0 0 145 145