p/_97.jpg 1 0 0 382 300
p/_98.jpg 1 0 0 446 446
p/_99.jpg 1 0 0 300 300
p/_95.jpg 1 0 0 310 300
p/_96.jpg 1 0 0 347 300
p/_93.jpg 1 0 0 400 300
p/_94.jpg 1 0 0 100 109
p/_91.jpg 1 0 0 107 77
p/_92.jpg 1 0 0 113 85
p/_89.jpg 1 0 0 87 87
p/_9.jpg 1 0 0 316 251
p/_90.jpg 1 0 0 405 300
p/_87.jpg 1 0 0 378 300
p/_88.jpg 1 0 0 158 135
p/_85.jpg 1 0 0 207 150
p/_86.jpg 1 0 0 473 473
p/_83.jpg 1 0 0 434 300
p/_84.jpg 1 0 0 104 75
p/_81.jpg 1 0 0 223 250
p/_82.jpg 1 0 0 279 242
p/_80.jpg 1 0 0 244 221
p/_79.jpg 1 0 0 251 197
p/_8.jpg 1 0 0 407 300
p/_77.jpg 1 0 0 247 162
p/_78.jpg 1 0 0 215 126
p/_74.jpg 1 0 0 603 603
p/_75.jpg 1 0 0 80 43
p/_76.jpg 1 0 0 193 225
p/_725.jpg 1 0 0 281 246
p/_73.jpg 1 0 0 142 141
p/_722.jpg 1 0 0 268 233
p/_723.jpg 1 0 0 283 283
p/_724.jpg 1 0 0 207 207
p/_720.jpg 1 0 0 456 300
p/_721.jpg 1 0 0 376 300
p/_719.jpg 1 0 0 261 225
p/_72.jpg 1 0 0 134 112
p/_716.jpg 1 0 0 351 298
p/_717.jpg 1 0 0 314 300
p/_718.jpg 1 0 0 360 300
p/_714.jpg 1 0 0 134 134
p/_715.jpg 1 0 0 300 300
p/_711.jpg 1 0 0 500 300
p/_712.jpg 1 0 0 240 240
p/_713.jpg 1 0 0 390 300
p/_71.jpg 1 0 0 100 82
p/_710.jpg 1 0 0 317 300
p/_707.jpg 1 0 0 78 70
p/_708.jpg 1 0 0 271 271
p/_709.jpg 1 0 0 405 300
p/_705.jpg 1 0 0 201 200
p/_706.jpg 1 0 0 80 66
p/_702.jpg 1 0 0 127 127
p/_703.jpg 1 0 0 383 300
p/_704.jpg 1 0 0 178 139
p/_700.jpg 1 0 0 268 204
p/_701.jpg 1 0 0 156 146
p/_7.jpg 1 0 0 535 300
p/_70.jpg 1 0 0 98 89
p/_698.jpg 1 0 0 136 124
p/_699.jpg 1 0 0 148 105
p/_696.jpg 1 0 0 147 82
p/_697.jpg 1 0 0 127 71
p/_694.jpg 1 0 0 123 135
p/_695.jpg 1 0 0 126 124
p/_692.jpg 1 0 0 423 300
p/_693.jpg 1 0 0 262 222
p/_69.jpg 1 0 0 86 97
p/_690.jpg 1 0 0 440 300
p/_691.jpg 1 0 0 409 300
p/_688.jpg 1 0 0 244 245
p/_689.jpg 1 0 0 411 300
p/_686.jpg 1 0 0 385 300
p/_687.jpg 1 0 0 135 135
p/_684.jpg 1 0 0 379 300
p/_685.jpg 1 0 0 434 300
p/_682.jpg 1 0 0 448 300
p/_683.jpg 1 0 0 482 300
p/_68.jpg 1 0 0 172 129
p/_680.jpg 1 0 0 398 300
p/_681.jpg 1 0 0 467 300
p/_678.jpg 1 0 0 453 300
p/_679.jpg 1 0 0 429 300
p/_676.jpg 1 0 0 123 121
p/_677.jpg 1 0 0 479 300
p/_674.jpg 1 0 0 395 300
p/_675.jpg 1 0 0 521 300
p/_671.jpg 1 0 0 361 300
p/_672.jpg 1 0 0 418 300
p/_673.jpg 1 0 0 460 300
p/_67.jpg 1 0 0 390 300
p/_670.jpg 1 0 0 398 300
p/_668.jpg 1 0 0 400 300
p/_669.jpg 1 0 0 431 300
p/_666.jpg 1 0 0 77 67
p/_667.jpg 1 0 0 60 66
p/_663.jpg 1 0 0 75 67
p/_664.jpg 1 0 0 98 74
p/_665.jpg 1 0 0 134 107
p/_662.jpg 1 0 0 373 300
p/_66.jpg 1 0 0 332 298
p/_660.jpg 1 0 0 422 300
p/_661.jpg 1 0 0 341 300
p/_658.jpg 1 0 0 300 306
p/_659.jpg 1 0 0 363 300
p/_656.jpg 1 0 0 379 300
p/_657.jpg 1 0 0 345 300
p/_654.jpg 1 0 0 130 75
p/_655.jpg 1 0 0 384 300
p/_652.jpg 1 0 0 332 300
p/_653.jpg 1 0 0 289 261
p/_650.jpg 1 0 0 300 308
p/_651.jpg 1 0 0 324 300
p/_65.jpg 1 0 0 260 249
p/_649.jpg 1 0 0 249 248
p/_647.jpg 1 0 0 310 300
p/_648.jpg 1 0 0 368 300
p/_645.jpg 1 0 0 329 300
p/_646.jpg 1 0 0 317 300
p/_642.jpg 1 0 0 299 285
p/_643.jpg 1 0 0 142 102
p/_644.jpg 1 0 0 346 300
p/_64.jpg 1 0 0 178 145
p/_640.jpg 1 0 0 300 339
p/_641.jpg 1 0 0 405 300
p/_638.jpg 1 0 0 300 310
p/_639.jpg 1 0 0 321 300
p/_635.jpg 1 0 0 478 300
p/_636.jpg 1 0 0 536 300
p/_637.jpg 1 0 0 300 341
p/_632.jpg 1 0 0 256 164
p/_633.jpg 1 0 0 300 383
p/_634.jpg 1 0 0 300 309
p/_630.jpg 1 0 0 300 319
p/_631.jpg 1 0 0 318 300
p/_628.jpg 1 0 0 302 300
p/_629.jpg 1 0 0 300 324
p/_63.jpg 1 0 0 300 300
p/_626.jpg 1 0 0 345 300
p/_627.jpg 1 0 0 306 300
p/_623.jpg 1 0 0 271 270
p/_624.jpg 1 0 0 330 300
p/_625.jpg 1 0 0 222 222
p/_621.jpg 1 0 0 335 345
p/_622.jpg 1 0 0 300 300
p/_62.jpg 1 0 0 573 574
p/_620.jpg 1 0 0 247 247
p/_618.jpg 1 0 0 370 300
p/_619.jpg 1 0 0 280 280
p/_615.jpg 1 0 0 322 300
p/_616.jpg 1 0 0 304 300
p/_617.jpg 1 0 0 385 300
p/_613.jpg 1 0 0 331 300
p/_614.jpg 1 0 0 300 318
p/_611.jpg 1 0 0 330 300
p/_612.jpg 1 0 0 309 300
p/_61.jpg 1 0 0 257 245
p/_610.jpg 1 0 0 425 378
p/_607.jpg 1 0 0 334 300
p/_608.jpg 1 0 0 305 300
p/_609.jpg 1 0 0 342 300
p/_605.jpg 1 0 0 478 300
p/_606.jpg 1 0 0 384 300
p/_602.jpg 1 0 0 490 300
p/_603.jpg 1 0 0 339 300
p/_604.jpg 1 0 0 370 300
p/_600.jpg 1 0 0 305 300
p/_601.jpg 1 0 0 487 300
p/_599.jpg 1 0 0 303 405
p/_6.jpg 1 0 0 307 300
p/_60.jpg 1 0 0 87 58
p/_597.jpg 1 0 0 300 324
p/_598.jpg 1 0 0 316 300
p/_595.jpg 1 0 0 300 341
p/_596.jpg 1 0 0 250 242
p/_592.jpg 1 0 0 246 247
p/_593.jpg 1 0 0 224 259
p/_594.jpg 1 0 0 300 390
p/_590.jpg 1 0 0 231 230
p/_591.jpg 1 0 0 240 240
p/_588.jpg 1 0 0 327 315
p/_589.jpg 1 0 0 249 249
p/_59.jpg 1 0 0 82 69
p/_586.jpg 1 0 0 353 300
p/_587.jpg 1 0 0 250 242
p/_584.jpg 1 0 0 300 305
p/_585.jpg 1 0 0 320 300
p/_582.jpg 1 0 0 300 309
p/_583.jpg 1 0 0 300 338
p/_58.jpg 1 0 0 398 257
p/_580.jpg 1 0 0 394 300
p/_581.jpg 1 0 0 315 300
p/_578.jpg 1 0 0 300 309
p/_579.jpg 1 0 0 362 300
p/_576.jpg 1 0 0 72 72
p/_577.jpg 1 0 0 351 326
p/_573.jpg 1 0 0 213 222
p/_574.jpg 1 0 0 300 333
p/_575.jpg 1 0 0 116 116
p/_571.jpg 1 0 0 300 300
p/_572.jpg 1 0 0 272 272
p/_569.jpg 1 0 0 228 228
p/_57.jpg 1 0 0 425 300
p/_570.jpg 1 0 0 268 251
p/_567.jpg 1 0 0 300 315
p/_568.jpg 1 0 0 300 301
p/_565.jpg 1 0 0 460 460
p/_566.jpg 1 0 0 457 458
p/_562.jpg 1 0 0 695 694
p/_563.jpg 1 0 0 442 442
p/_564.jpg 1 0 0 267 230
p/_560.jpg 1 0 0 529 511
p/_561.jpg 1 0 0 577 578
p/_559.jpg 1 0 0 452 509
p/_56.jpg 1 0 0 183 150
p/_557.jpg 1 0 0 438 438
p/_558.jpg 1 0 0 470 470
p/_554.jpg 1 0 0 453 453
p/_555.jpg 1 0 0 136 125
p/_556.jpg 1 0 0 147 129
p/_552.jpg 1 0 0 413 413
p/_553.jpg 1 0 0 111 96
p/_55.jpg 1 0 0 496 361
p/_550.jpg 1 0 0 460 459
p/_551.jpg 1 0 0 354 354
p/_548.jpg 1 0 0 523 522
p/_549.jpg 1 0 0 544 544
p/_546.jpg 1 0 0 499 499
p/_547.jpg 1 0 0 536 536
p/_543.jpg 1 0 0 616 615
p/_544.jpg 1 0 0 508 508
p/_545.jpg 1 0 0 539 539
p/_541.jpg 1 0 0 592 592
p/_542.jpg 1 0 0 135 107
p/_539.jpg 1 0 0 505 505
p/_54.jpg 1 0 0 97 80
p/_540.jpg 1 0 0 533 533
p/_537.jpg 1 0 0 406 406
p/_538.jpg 1 0 0 581 581
p/_535.jpg 1 0 0 371 300
p/_536.jpg 1 0 0 576 577
p/_532.jpg 1 0 0 358 300
p/_533.jpg 1 0 0 414 300
p/_534.jpg 1 0 0 348 300
p/_530.jpg 1 0 0 634 634
p/_531.jpg 1 0 0 400 300
p/_529.jpg 1 0 0 315 300
p/_53.jpg 1 0 0 386 300
p/_526.jpg 1 0 0 305 300
p/_527.jpg 1 0 0 307 300
p/_528.jpg 1 0 0 720 720
p/_524.jpg 1 0 0 342 300
p/_525.jpg 1 0 0 511 511
p/_521.jpg 1 0 0 300 304
p/_522.jpg 1 0 0 653 653
p/_523.jpg 1 0 0 300 330
p/_52.jpg 1 0 0 123 106
p/_520.jpg 1 0 0 378 293
p/_518.jpg 1 0 0 311 300
p/_519.jpg 1 0 0 300 323
p/_515.jpg 1 0 0 322 300
p/_516.jpg 1 0 0 357 300
p/_517.jpg 1 0 0 363 300
p/_513.jpg 1 0 0 300 323
p/_514.jpg 1 0 0 300 329
p/_510.jpg 1 0 0 357 300
p/_511.jpg 1 0 0 302 300
p/_512.jpg 1 0 0 331 300
p/_509.jpg 1 0 0 341 278
p/_51.jpg 1 0 0 364 300
p/_507.jpg 1 0 0 529 539
p/_508.jpg 1 0 0 441 535
p/_505.jpg 1 0 0 105 105
p/_506.jpg 1 0 0 118 118
p/_502.jpg 1 0 0 142 142
p/_503.jpg 1 0 0 155 155
p/_504.jpg 1 0 0 153 152
p/_500.jpg 1 0 0 137 138
p/_501.jpg 1 0 0 155 155
p/_50.jpg 1 0 0 626 626
p/_499.jpg 1 0 0 136 136
p/_5.jpg 1 0 0 300 393
p/_497.jpg 1 0 0 178 178
p/_498.jpg 1 0 0 328 300
p/_495.jpg 1 0 0 192 192
p/_496.jpg 1 0 0 192 191
p/_494.jpg 1 0 0 199 200
p/_492.jpg 1 0 0 501 501
p/_493.jpg 1 0 0 494 494
p/_491.jpg 1 0 0 429 429
p/_49.jpg 1 0 0 260 194
p/_490.jpg 1 0 0 492 493
p/_488.jpg 1 0 0 434 434
p/_489.jpg 1 0 0 399 398
p/_486.jpg 1 0 0 505 505
p/_487.jpg 1 0 0 347 238
p/_484.jpg 1 0 0 822 664
p/_485.jpg 1 0 0 478 478
p/_483.jpg 1 0 0 548 549
p/_482.jpg 1 0 0 500 499
p/_481.jpg 1 0 0 496 496
p/_480.jpg 1 0 0 473 473
p/_48.jpg 1 0 0 678 696
p/_478.jpg 1 0 0 214 214
p/_479.jpg 1 0 0 230 230
p/_476.jpg 1 0 0 353 243
p/_477.jpg 1 0 0 216 216
p/_474.jpg 1 0 0 1027 694
p/_475.jpg 1 0 0 229 229
p/_472.jpg 1 0 0 225 225
p/_473.jpg 1 0 0 196 196
p/_470.jpg 1 0 0 329 329
p/_471.jpg 1 0 0 219 219
p/_47.jpg 1 0 0 601 576
p/_468.jpg 1 0 0 251 253
p/_469.jpg 1 0 0 313 312
p/_465.jpg 1 0 0 345 253
p/_466.jpg 1 0 0 191 191
p/_467.jpg 1 0 0 237 238
p/_463.jpg 1 0 0 120 120
p/_464.jpg 1 0 0 50 45
p/_461.jpg 1 0 0 253 253
p/_462.jpg 1 0 0 194 193
p/_46.jpg 1 0 0 740 542
p/_460.jpg 1 0 0 261 261
p/_458.jpg 1 0 0 152 152
p/_459.jpg 1 0 0 855 856
p/_456.jpg 1 0 0 819 819
p/_457.jpg 1 0 0 171 172
p/_454.jpg 1 0 0 803 803
p/_455.jpg 1 0 0 729 730
p/_452.jpg 1 0 0 300 300
p/_453.jpg 1 0 0 876 876
p/_451.jpg 1 0 0 698 697
p/_45.jpg 1 0 0 849 597
p/_450.jpg 1 0 0 1022 1022
p/_449.jpg 1 0 0 932 931
p/_447.jpg 1 0 0 1280 1280
p/_448.jpg 1 0 0 1024 1024
p/_445.jpg 1 0 0 1037 1038
p/_446.jpg 1 0 0 1066 1065
p/_443.jpg 1 0 0 831 831
p/_444.jpg 1 0 0 788 788
p/_442.jpg 1 0 0 681 681
p/_44.jpg 1 0 0 130 130
p/_440.jpg 1 0 0 788 788
p/_441.jpg 1 0 0 391 300
p/_438.jpg 1 0 0 751 751
p/_439.jpg 1 0 0 929 928
p/_436.jpg 1 0 0 685 685
p/_437.jpg 1 0 0 726 725
p/_434.jpg 1 0 0 734 734
p/_435.jpg 1 0 0 671 671
p/_432.jpg 1 0 0 957 957
p/_433.jpg 1 0 0 1020 1020
p/_431.jpg 1 0 0 130 130
p/_429.jpg 1 0 0 121 121
p/_43.jpg 1 0 0 226 169
p/_430.jpg 1 0 0 228 227
p/_427.jpg 1 0 0 118 119
p/_428.jpg 1 0 0 138 138
p/_425.jpg 1 0 0 110 109
p/_426.jpg 1 0 0 111 111
p/_423.jpg 1 0 0 122 122
p/_424.jpg 1 0 0 130 130
p/_421.jpg 1 0 0 97 97
p/_422.jpg 1 0 0 126 126
p/_419.jpg 1 0 0 221 221
p/_42.jpg 1 0 0 297 300
p/_420.jpg 1 0 0 124 124
p/_417.jpg 1 0 0 870 869
p/_418.jpg 1 0 0 751 751
p/_415.jpg 1 0 0 790 790
p/_416.jpg 1 0 0 775 774
p/_412.jpg 1 0 0 124 125
p/_413.jpg 1 0 0 126 126
p/_414.jpg 1 0 0 113 113
p/_410.jpg 1 0 0 124 124
p/_411.jpg 1 0 0 109 109
p/_408.jpg 1 0 0 227 226
p/_409.jpg 1 0 0 100 100
p/_41.jpg 1 0 0 163 174
p/_407.jpg 1 0 0 701 701
p/_404.jpg 1 0 0 161 161
p/_405.jpg 1 0 0 161 161
p/_406.jpg 1 0 0 846 845
p/_402.jpg 1 0 0 192 192
p/_403.jpg 1 0 0 181 182
p/_40.jpg 1 0 0 133 110
p/_400.jpg 1 0 0 206 206
p/_401.jpg 1 0 0 186 186
p/_399.jpg 1 0 0 199 198
p/_4.jpg 1 0 0 533 300
p/_396.jpg 1 0 0 316 316
p/_397.jpg 1 0 0 369 300
p/_398.jpg 1 0 0 536 536
p/_394.jpg 1 0 0 644 644
p/_395.jpg 1 0 0 526 526
p/_391.jpg 1 0 0 644 644
p/_392.jpg 1 0 0 537 536
p/_393.jpg 1 0 0 537 537
p/_39.jpg 1 0 0 87 50
p/_390.jpg 1 0 0 592 592
p/_388.jpg 1 0 0 242 241
p/_389.jpg 1 0 0 287 287
p/_385.jpg 1 0 0 271 271
p/_386.jpg 1 0 0 342 300
p/_387.jpg 1 0 0 276 276
p/_383.jpg 1 0 0 594 595
p/_384.jpg 1 0 0 624 624
p/_380.jpg 1 0 0 429 429
p/_381.jpg 1 0 0 482 482
p/_382.jpg 1 0 0 495 494
p/_379.jpg 1 0 0 396 396
p/_38.jpg 1 0 0 642 642
p/_376.jpg 1 0 0 316 300
p/_377.jpg 1 0 0 300 300
p/_378.jpg 1 0 0 341 300
p/_374.jpg 1 0 0 328 300
p/_375.jpg 1 0 0 358 300
p/_371.jpg 1 0 0 389 300
p/_372.jpg 1 0 0 424 300
p/_373.jpg 1 0 0 333 300
p/_37.jpg 1 0 0 158 112
p/_370.jpg 1 0 0 448 300
p/_367.jpg 1 0 0 431 300
p/_368.jpg 1 0 0 112 111
p/_369.jpg 1 0 0 104 104
p/_365.jpg 1 0 0 112 112
p/_366.jpg 1 0 0 111 110
p/_362.jpg 1 0 0 364 300
p/_363.jpg 1 0 0 387 300
p/_364.jpg 1 0 0 194 194
p/_360.jpg 1 0 0 146 146
p/_361.jpg 1 0 0 137 136
p/_358.jpg 1 0 0 395 300
p/_359.jpg 1 0 0 456 300
p/_36.jpg 1 0 0 300 300
p/_356.jpg 1 0 0 116 116
p/_357.jpg 1 0 0 114 114
p/_353.jpg 1 0 0 338 300
p/_354.jpg 1 0 0 428 300
p/_355.jpg 1 0 0 418 300
p/_351.jpg 1 0 0 108 108
p/_352.jpg 1 0 0 68 54
p/_349.jpg 1 0 0 104 104
p/_35.jpg 1 0 0 300 300
p/_350.jpg 1 0 0 473 300
p/_347.jpg 1 0 0 432 300
p/_348.jpg 1 0 0 116 116
p/_345.jpg 1 0 0 131 130
p/_346.jpg 1 0 0 119 118
p/_343.jpg 1 0 0 69 70
p/_344.jpg 1 0 0 69 68
p/_341.jpg 1 0 0 408 431
p/_342.jpg 1 0 0 433 467
p/_34.jpg 1 0 0 105 129
p/_340.jpg 1 0 0 450 300
p/_337.jpg 1 0 0 363 300
p/_338.jpg 1 0 0 327 255
p/_339.jpg 1 0 0 389 253
p/_335.jpg 1 0 0 85 85
p/_336.jpg 1 0 0 80 80
p/_332.jpg 1 0 0 489 412
p/_333.jpg 1 0 0 370 300
p/_334.jpg 1 0 0 407 300
p/_331.jpg 1 0 0 390 378
p/_33.jpg 1 0 0 134 120
p/_330.jpg 1 0 0 82 87
p/_328.jpg 1 0 0 96 87
p/_329.jpg 1 0 0 481 300
p/_325.jpg 1 0 0 612 460
p/_326.jpg 1 0 0 84 84
p/_327.jpg 1 0 0 84 84
p/_324.jpg 1 0 0 564 526
p/_321.jpg 1 0 0 353 300
p/_322.jpg 1 0 0 348 300
p/_323.jpg 1 0 0 314 300
p/_32.jpg 1 0 0 137 102
p/_320.jpg 1 0 0 111 111
p/_317.jpg 1 0 0 611 478
p/_318.jpg 1 0 0 245 245
p/_319.jpg 1 0 0 97 97
p/_316.jpg 1 0 0 616 486
p/_313.jpg 1 0 0 316 300
p/_314.jpg 1 0 0 300 323
p/_315.jpg 1 0 0 300 302
p/_311.jpg 1 0 0 98 98
p/_312.jpg 1 0 0 390 300
p/_31.jpg 1 0 0 259 259
p/_310.jpg 1 0 0 77 77
p/_308.jpg 1 0 0 106 106
p/_309.jpg 1 0 0 314 300
p/_305.jpg 1 0 0 288 186
p/_306.jpg 1 0 0 122 122
p/_307.jpg 1 0 0 374 300
p/_303.jpg 1 0 0 92 92
p/_304.jpg 1 0 0 292 182
p/_300.jpg 1 0 0 576 378
p/_301.jpg 1 0 0 437 300
p/_302.jpg 1 0 0 87 79
p/_299.jpg 1 0 0 569 379
p/_3.jpg 1 0 0 102 102
p/_30.jpg 1 0 0 113 104
p/_297.jpg 1 0 0 450 300
p/_298.jpg 1 0 0 335 300
p/_295.jpg 1 0 0 109 109
p/_296.jpg 1 0 0 304 238
p/_292.jpg 1 0 0 411 300
p/_293.jpg 1 0 0 374 300
p/_294.jpg 1 0 0 108 108
p/_290.jpg 1 0 0 113 102
p/_291.jpg 1 0 0 122 121
p/_288.jpg 1 0 0 398 300
p/_289.jpg 1 0 0 300 239
p/_29.jpg 1 0 0 128 114
p/_286.jpg 1 0 0 508 300
p/_287.jpg 1 0 0 483 300
p/_284.jpg 1 0 0 409 337
p/_285.jpg 1 0 0 108 60
p/_282.jpg 1 0 0 452 300
p/_283.jpg 1 0 0 439 339
p/_280.jpg 1 0 0 352 300
p/_281.jpg 1 0 0 319 300
p/_279.jpg 1 0 0 108 81
p/_28.jpg 1 0 0 127 116
p/_277.jpg 1 0 0 514 348
p/_278.jpg 1 0 0 95 87
p/_275.jpg 1 0 0 74 64
p/_276.jpg 1 0 0 583 359
p/_273.jpg 1 0 0 77 74
p/_274.jpg 1 0 0 88 50
p/_271.jpg 1 0 0 474 353
p/_272.jpg 1 0 0 475 353
p/_27.jpg 1 0 0 300 306
p/_270.jpg 1 0 0 246 135
p/_268.jpg 1 0 0 356 300
p/_269.jpg 1 0 0 192 124
p/_266.jpg 1 0 0 437 429
p/_267.jpg 1 0 0 392 300
p/_264.jpg 1 0 0 370 300
p/_265.jpg 1 0 0 330 300
p/_261.jpg 1 0 0 356 300
p/_262.jpg 1 0 0 398 300
p/_263.jpg 1 0 0 70 40
p/_26.jpg 1 0 0 142 142
p/_260.jpg 1 0 0 350 300
p/_257.jpg 1 0 0 300 315
p/_258.jpg 1 0 0 238 231
p/_259.jpg 1 0 0 404 300
p/_255.jpg 1 0 0 373 300
p/_256.jpg 1 0 0 391 300
p/_253.jpg 1 0 0 300 345
p/_254.jpg 1 0 0 378 300
p/_251.jpg 1 0 0 346 300
p/_252.jpg 1 0 0 268 262
p/_249.jpg 1 0 0 300 313
p/_25.jpg 1 0 0 129 103
p/_250.jpg 1 0 0 300 310
p/_247.jpg 1 0 0 166 126
p/_248.jpg 1 0 0 326 300
p/_245.jpg 1 0 0 77 78
p/_246.jpg 1 0 0 612 612
p/_243.jpg 1 0 0 119 119
p/_244.jpg 1 0 0 103 97
p/_240.jpg 1 0 0 86 69
p/_241.jpg 1 0 0 324 296
p/_242.jpg 1 0 0 535 536
p/_239.jpg 1 0 0 126 126
p/_24.jpg 1 0 0 112 108
p/_237.jpg 1 0 0 468 468
p/_238.jpg 1 0 0 558 557
p/_235.jpg 1 0 0 418 418
p/_236.jpg 1 0 0 422 422
p/_233.jpg 1 0 0 421 421
p/_234.jpg 1 0 0 559 559
p/_231.jpg 1 0 0 676 676
p/_232.jpg 1 0 0 400 400
p/_229.jpg 1 0 0 911 911
p/_23.jpg 1 0 0 124 108
p/_230.jpg 1 0 0 494 494
p/_227.jpg 1 0 0 815 815
p/_228.jpg 1 0 0 309 299
p/_226.jpg 1 0 0 968 834
p/_224.jpg 1 0 0 138 138
p/_225.jpg 1 0 0 711 712
p/_222.jpg 1 0 0 156 156
p/_223.jpg 1 0 0 141 141
p/_221.jpg 1 0 0 166 165
p/_220.jpg 1 0 0 292 291
p/_22.jpg 1 0 0 138 108
p/_218.jpg 1 0 0 258 258
p/_219.jpg 1 0 0 258 258
p/_215.jpg 1 0 0 578 636
p/_216.jpg 1 0 0 97 84
p/_217.jpg 1 0 0 391 300
p/_213.jpg 1 0 0 1149 1148
p/_214.jpg 1 0 0 675 675
p/_211.jpg 1 0 0 100 100
p/_212.jpg 1 0 0 1327 1326
p/_209.jpg 1 0 0 311 427
p/_21.jpg 1 0 0 120 114
p/_210.jpg 1 0 0 101 101
p/_207.jpg 1 0 0 431 431
p/_208.jpg 1 0 0 540 540
p/_204.jpg 1 0 0 416 356
p/_205.jpg 1 0 0 500 395
p/_206.jpg 1 0 0 364 300
p/_202.jpg 1 0 0 468 499
p/_203.jpg 1 0 0 1029 1029
p/_200.jpg 1 0 0 210 216
p/_201.jpg 1 0 0 250 200
p/_20.jpg 1 0 0 181 125
p/_198.jpg 1 0 0 590 590
p/_199.jpg 1 0 0 254 254
p/_2.jpg 1 0 0 127 127
p/_196.jpg 1 0 0 52 54
p/_197.jpg 1 0 0 556 575
p/_193.jpg 1 0 0 69 56
p/_194.jpg 1 0 0 61 52
p/_195.jpg 1 0 0 352 300
p/_191.jpg 1 0 0 57 57
p/_192.jpg 1 0 0 60 57
p/_19.jpg 1 0 0 76 82
p/_190.jpg 1 0 0 74 62
p/_189.jpg 1 0 0 1514 1515
p/_187.jpg 1 0 0 408 390
p/_188.jpg 1 0 0 438 422
p/_185.jpg 1 0 0 771 772
p/_186.jpg 1 0 0 787 787
p/_182.jpg 1 0 0 261 223
p/_183.jpg 1 0 0 231 230
p/_184.jpg 1 0 0 370 300
p/_180.jpg 1 0 0 258 231
p/_181.jpg 1 0 0 100 71
p/_178.jpg 1 0 0 91 71
p/_179.jpg 1 0 0 84 78
p/_18.jpg 1 0 0 89 86
p/_176.jpg 1 0 0 261 224
p/_177.jpg 1 0 0 74 74
p/_173.jpg 1 0 0 227 128
p/_174.jpg 1 0 0 390 354
p/_175.jpg 1 0 0 175 124
p/_171.jpg 1 0 0 311 265
p/_172.jpg 1 0 0 515 515
p/_169.jpg 1 0 0 284 284
p/_17.jpg 1 0 0 101 75
p/_170.jpg 1 0 0 189 197
p/_167.jpg 1 0 0 146 146
p/_168.jpg 1 0 0 253 252
p/_165.jpg 1 0 0 237 175
p/_166.jpg 1 0 0 189 189
p/_162.jpg 1 0 0 254 247
p/_163.jpg 1 0 0 276 237
p/_164.jpg 1 0 0 247 239
p/_160.jpg 1 0 0 455 455
p/_161.jpg 1 0 0 226 128
p/_158.jpg 1 0 0 262 241
p/_159.jpg 1 0 0 250 249
p/_16.jpg 1 0 0 535 300
p/_155.jpg 1 0 0 326 300
p/_156.jpg 1 0 0 251 253
p/_157.jpg 1 0 0 267 259
p/_153.jpg 1 0 0 309 300
p/_154.jpg 1 0 0 261 259
p/_150.jpg 1 0 0 270 228
p/_151.jpg 1 0 0 245 227
p/_152.jpg 1 0 0 241 249
p/_15.jpg 1 0 0 272 300
p/_147.jpg 1 0 0 357 300
p/_148.jpg 1 0 0 515 515
p/_149.jpg 1 0 0 300 339
p/_144.jpg 1 0 0 261 261
p/_145.jpg 1 0 0 300 321
p/_146.jpg 1 0 0 453 404
p/_142.jpg 1 0 0 304 300
p/_143.jpg 1 0 0 266 276
p/_140.jpg 1 0 0 374 300
p/_141.jpg 1 0 0 300 333
p/_138.jpg 1 0 0 387 300
p/_139.jpg 1 0 0 451 300
p/_14.jpg 1 0 0 153 153
p/_135.jpg 1 0 0 411 300
p/_136.jpg 1 0 0 502 502
p/_137.jpg 1 0 0 104 58
p/_132.jpg 1 0 0 313 300
p/_133.jpg 1 0 0 233 219
p/_134.jpg 1 0 0 223 228
p/_130.jpg 1 0 0 245 254
p/_131.jpg 1 0 0 316 300
p/_127.jpg 1 0 0 458 346
p/_128.jpg 1 0 0 593 488
p/_129.jpg 1 0 0 337 300
p/_13.jpg 1 0 0 358 300
p/_125.jpg 1 0 0 104 58
p/_126.jpg 1 0 0 236 237
p/_122.jpg 1 0 0 152 152
p/_123.jpg 1 0 0 83 69
p/_124.jpg 1 0 0 334 334
p/_120.jpg 1 0 0 297 273
p/_121.jpg 1 0 0 300 337
p/_118.jpg 1 0 0 395 300
p/_119.jpg 1 0 0 415 300
p/_12.jpg 1 0 0 450 300
p/_115.jpg 1 0 0 300 345
p/_116.jpg 1 0 0 334 300
p/_117.jpg 1 0 0 400 300
p/_113.jpg 1 0 0 313 300
p/_114.jpg 1 0 0 568 300
p/_110.jpg 1 0 0 399 399
p/_111.jpg 1 0 0 350 300
p/_112.jpg 1 0 0 428 300
p/_108.jpg 1 0 0 422 300
p/_109.jpg 1 0 0 404 300
p/_11.jpg 1 0 0 433 298
p/_106.jpg 1 0 0 368 300
p/_107.jpg 1 0 0 395 300
p/_103.jpg 1 0 0 385 300
p/_104.jpg 1 0 0 388 300
p/_105.jpg 1 0 0 493 300
p/_101.jpg 1 0 0 424 300
p/_102.jpg 1 0 0 533 300
p/_10.jpg 1 0 0 297 253
p/_100.jpg 1 0 0 379 300
p/_0.jpg 1 0 0 175 175
p/_1.jpg 1 0 0 88 86